<?xml version="1.0" encoding="UTF-8"?>
<!-- Generated by org.testng.reporters.JUnitXMLReporter -->
<testsuite hostname="Murari-PC" ignored="0" name="Default test" tests="2" failures="0" timestamp="25 Mar 2018 04:35:31 GMT" time="10.851" errors="0">
  <testcase name="openTailorManStore" time="9.29" classname="com.tailorManStore.businessScript.LoginTestCase"/>
  <testcase name="varifyTailorManStoreTitle" time="0.192" classname="com.tailorManStore.businessScript.LoginTestCase"/>
</testsuite> <!-- Default test -->
