<?xml version="1.0" encoding="UTF-8"?>
<!-- Generated by org.testng.reporters.JUnitXMLReporter -->
<testsuite hostname="Murari-PC" ignored="0" name="chrome" tests="2" failures="0" timestamp="25 Mar 2018 04:41:55 GMT" time="33.459" errors="0">
  <testcase name="openTailorManStore" time="33.268" classname="com.tailorManStore.businessScript.LoginTestCase"/>
  <testcase name="varifyTailorManStoreTitle" time="0.045" classname="com.tailorManStore.businessScript.LoginTestCase"/>
</testsuite> <!-- chrome -->
