<?xml version="1.0" encoding="UTF-8"?>
<!-- Generated by org.testng.reporters.JUnitXMLReporter -->
<testsuite hostname="Walkingtree-PC" ignored="0" name="loginPage" tests="3" failures="0" timestamp="13 Apr 2018 11:05:10 GMT" time="23.878" errors="0">
  <testcase name="openTailorManStore" time="10.1" classname="com.tailorMan.testCase.LoginTestCase"/>
  <testcase name="varifyTailorManStoreTitle" time="0.014" classname="com.tailorMan.testCase.LoginTestCase"/>
  <testcase name="verifyLogin" time="13.633" classname="com.tailorMan.testCase.LoginTestCase"/>
</testsuite> <!-- loginPage -->
