<?xml version="1.0" encoding="UTF-8"?>
<!-- Generated by org.testng.reporters.JUnitXMLReporter -->
<testsuite hostname="Walkingtree-PC" ignored="0" name="loginPage" tests="3" failures="0" timestamp="12 Apr 2018 07:38:38 GMT" time="16.671" errors="0">
  <testcase name="openTailorManStore" time="4.378" classname="com.tailorMan.testCase.LoginTestCase"/>
  <testcase name="varifyTailorManStoreTitle" time="0.014" classname="com.tailorMan.testCase.LoginTestCase"/>
  <testcase name="verifyLogin" time="12.136" classname="com.tailorMan.testCase.LoginTestCase"/>
</testsuite> <!-- loginPage -->
