<?xml version="1.0" encoding="UTF-8"?>
<!-- Generated by org.testng.reporters.JUnitXMLReporter -->
<testsuite hostname="Walkingtree-PC" ignored="0" name="storeHomepage" tests="3" failures="0" timestamp="12 Apr 2018 07:38:40 GMT" time="1.983" errors="0">
  <testcase name="VerifyTextOnStoreHomePage" time="0.843" classname="com.tailorMan.testCase.StoreHomePageTestCase"/>
  <testcase name="verifyLogoutPage" time="0.192" classname="com.tailorMan.testCase.StoreHomePageTestCase"/>
  <testcase name="verifyLinkRedirection" time="0.938" classname="com.tailorMan.testCase.StoreHomePageTestCase"/>
</testsuite> <!-- storeHomepage -->
