<?xml version="1.0" encoding="UTF-8"?>
<testng-results skipped="0" failed="0" ignored="0" total="6" passed="6">
  <reporter-output>
  </reporter-output>
  <suite name="Suite" duration-ms="18689" started-at="2018-04-12T07:38:21Z" finished-at="2018-04-12T07:38:40Z">
    <groups>
    </groups>
    <test name="loginPage" duration-ms="16671" started-at="2018-04-12T07:38:21Z" finished-at="2018-04-12T07:38:38Z">
      <class name="com.tailorMan.testCase.LoginTestCase">
        <test-method status="PASS" signature="openTailorManStore()[pri:1, instance:com.tailorMan.testCase.LoginTestCase@6ddf90b0]" name="openTailorManStore" duration-ms="4378" started-at="2018-04-12T07:38:21Z" finished-at="2018-04-12T07:38:25Z">
          <reporter-output>
          </reporter-output>
        </test-method> <!-- openTailorManStore -->
        <test-method status="PASS" signature="startMethod(org.testng.ITestResult)[pri:0, instance:com.tailorMan.testCase.LoginTestCase@6ddf90b0]" name="startMethod" is-config="true" duration-ms="111" started-at="2018-04-12T07:38:25Z" finished-at="2018-04-12T07:38:25Z">
          <params>
            <param index="0">
              <value>
                <![CDATA[[TestResult name=openTailorManStore status=SUCCESS method=LoginTestCase.openTailorManStore()[pri:1, instance:com.tailorMan.testCase.LoginTestCase@6ddf90b0] output={null}]]]>
              </value>
            </param>
          </params>
          <reporter-output>
          </reporter-output>
        </test-method> <!-- startMethod -->
        <test-method status="PASS" signature="varifyTailorManStoreTitle()[pri:2, instance:com.tailorMan.testCase.LoginTestCase@6ddf90b0]" name="varifyTailorManStoreTitle" duration-ms="14" started-at="2018-04-12T07:38:25Z" finished-at="2018-04-12T07:38:25Z">
          <reporter-output>
          </reporter-output>
        </test-method> <!-- varifyTailorManStoreTitle -->
        <test-method status="PASS" signature="startMethod(org.testng.ITestResult)[pri:0, instance:com.tailorMan.testCase.LoginTestCase@6ddf90b0]" name="startMethod" is-config="true" duration-ms="1" started-at="2018-04-12T07:38:25Z" finished-at="2018-04-12T07:38:25Z">
          <params>
            <param index="0">
              <value>
                <![CDATA[[TestResult name=varifyTailorManStoreTitle status=SUCCESS method=LoginTestCase.varifyTailorManStoreTitle()[pri:2, instance:com.tailorMan.testCase.LoginTestCase@6ddf90b0] output={null}]]]>
              </value>
            </param>
          </params>
          <reporter-output>
          </reporter-output>
        </test-method> <!-- startMethod -->
        <test-method status="PASS" signature="verifyLogin()[pri:3, instance:com.tailorMan.testCase.LoginTestCase@6ddf90b0]" name="verifyLogin" duration-ms="12136" started-at="2018-04-12T07:38:25Z" finished-at="2018-04-12T07:38:38Z">
          <reporter-output>
          </reporter-output>
        </test-method> <!-- verifyLogin -->
        <test-method status="PASS" signature="startMethod(org.testng.ITestResult)[pri:0, instance:com.tailorMan.testCase.LoginTestCase@6ddf90b0]" name="startMethod" is-config="true" duration-ms="1" started-at="2018-04-12T07:38:38Z" finished-at="2018-04-12T07:38:38Z">
          <params>
            <param index="0">
              <value>
                <![CDATA[[TestResult name=verifyLogin status=SUCCESS method=LoginTestCase.verifyLogin()[pri:3, instance:com.tailorMan.testCase.LoginTestCase@6ddf90b0] output={null}]]]>
              </value>
            </param>
          </params>
          <reporter-output>
          </reporter-output>
        </test-method> <!-- startMethod -->
      </class> <!-- com.tailorMan.testCase.LoginTestCase -->
    </test> <!-- loginPage -->
    <test name="storeHomepage" duration-ms="1983" started-at="2018-04-12T07:38:38Z" finished-at="2018-04-12T07:38:40Z">
      <class name="com.tailorMan.testCase.StoreHomePageTestCase">
        <test-method status="PASS" signature="openBrowser(java.lang.String)[pri:0, instance:com.tailorMan.testCase.StoreHomePageTestCase@3cef309d]" name="openBrowser" is-config="true" duration-ms="5121" started-at="2018-04-12T07:38:16Z" finished-at="2018-04-12T07:38:21Z">
          <params>
            <param index="0">
              <value>
                <![CDATA[chrome]]>
              </value>
            </param>
          </params>
          <reporter-output>
          </reporter-output>
        </test-method> <!-- openBrowser -->
        <test-method status="PASS" signature="VerifyTextOnStoreHomePage()[pri:1, instance:com.tailorMan.testCase.StoreHomePageTestCase@3cef309d]" name="VerifyTextOnStoreHomePage" duration-ms="843" started-at="2018-04-12T07:38:38Z" finished-at="2018-04-12T07:38:38Z">
          <reporter-output>
          </reporter-output>
        </test-method> <!-- VerifyTextOnStoreHomePage -->
        <test-method status="PASS" signature="startMethod(org.testng.ITestResult)[pri:0, instance:com.tailorMan.testCase.StoreHomePageTestCase@3cef309d]" name="startMethod" is-config="true" duration-ms="0" started-at="2018-04-12T07:38:38Z" finished-at="2018-04-12T07:38:38Z">
          <params>
            <param index="0">
              <value>
                <![CDATA[[TestResult name=VerifyTextOnStoreHomePage status=SUCCESS method=StoreHomePageTestCase.VerifyTextOnStoreHomePage()[pri:1, instance:com.tailorMan.testCase.StoreHomePageTestCase@3cef309d] output={null}]]]>
              </value>
            </param>
          </params>
          <reporter-output>
          </reporter-output>
        </test-method> <!-- startMethod -->
        <test-method status="PASS" signature="verifyLogoutPage(java.lang.reflect.Method)[pri:2, instance:com.tailorMan.testCase.StoreHomePageTestCase@3cef309d]" name="verifyLogoutPage" duration-ms="192" started-at="2018-04-12T07:38:38Z" finished-at="2018-04-12T07:38:39Z">
          <params>
            <param index="0">
              <value>
                <![CDATA[public void com.tailorMan.testCase.StoreHomePageTestCase.verifyLogoutPage(java.lang.reflect.Method)]]>
              </value>
            </param>
          </params>
          <reporter-output>
          </reporter-output>
        </test-method> <!-- verifyLogoutPage -->
        <test-method status="PASS" signature="startMethod(org.testng.ITestResult)[pri:0, instance:com.tailorMan.testCase.StoreHomePageTestCase@3cef309d]" name="startMethod" is-config="true" duration-ms="0" started-at="2018-04-12T07:38:39Z" finished-at="2018-04-12T07:38:39Z">
          <params>
            <param index="0">
              <value>
                <![CDATA[[TestResult name=verifyLogoutPage status=SUCCESS method=StoreHomePageTestCase.verifyLogoutPage(java.lang.reflect.Method)[pri:2, instance:com.tailorMan.testCase.StoreHomePageTestCase@3cef309d] output={null}]]]>
              </value>
            </param>
          </params>
          <reporter-output>
          </reporter-output>
        </test-method> <!-- startMethod -->
        <test-method status="PASS" signature="verifyLinkRedirection()[pri:3, instance:com.tailorMan.testCase.StoreHomePageTestCase@3cef309d]" name="verifyLinkRedirection" duration-ms="938" started-at="2018-04-12T07:38:39Z" finished-at="2018-04-12T07:38:40Z">
          <reporter-output>
          </reporter-output>
        </test-method> <!-- verifyLinkRedirection -->
        <test-method status="PASS" signature="startMethod(org.testng.ITestResult)[pri:0, instance:com.tailorMan.testCase.StoreHomePageTestCase@3cef309d]" name="startMethod" is-config="true" duration-ms="0" started-at="2018-04-12T07:38:40Z" finished-at="2018-04-12T07:38:40Z">
          <params>
            <param index="0">
              <value>
                <![CDATA[[TestResult name=verifyLinkRedirection status=SUCCESS method=StoreHomePageTestCase.verifyLinkRedirection()[pri:3, instance:com.tailorMan.testCase.StoreHomePageTestCase@3cef309d] output={null}]]]>
              </value>
            </param>
          </params>
          <reporter-output>
          </reporter-output>
        </test-method> <!-- startMethod -->
        <test-method status="PASS" signature="endSuite()[pri:0, instance:com.tailorMan.testCase.StoreHomePageTestCase@3cef309d]" name="endSuite" is-config="true" duration-ms="2704" started-at="2018-04-12T07:38:40Z" finished-at="2018-04-12T07:38:42Z">
          <reporter-output>
          </reporter-output>
        </test-method> <!-- endSuite -->
      </class> <!-- com.tailorMan.testCase.StoreHomePageTestCase -->
    </test> <!-- storeHomepage -->
  </suite> <!-- Suite -->
</testng-results>
